{"/Users/gabrielumbelino/git/fiap/fiap-pos-tech-challenge-payment/src/client.ts": {"path":"/Users/gabrielumbelino/git/fiap/fiap-pos-tech-challenge-payment/src/client.ts","statementMap":{"0":{"start":{"line":1,"column":0},"end":{"line":1,"column":46}},"1":{"start":{"line":3,"column":15},"end":{"line":3,"column":33}},"2":{"start":{"line":5,"column":0},"end":{"line":5,"column":22}}},"fnMap":{},"branchMap":{},"s":{"0":0,"1":0,"2":0},"f":{},"b":{}}
,"/Users/gabrielumbelino/git/fiap/fiap-pos-tech-challenge-payment/src/index.ts": {"path":"/Users/gabrielumbelino/git/fiap/fiap-pos-tech-challenge-payment/src/index.ts","statementMap":{"0":{"start":{"line":1,"column":0},"end":{"line":1,"column":67}},"1":{"start":{"line":2,"column":0},"end":{"line":2,"column":34}},"2":{"start":{"line":3,"column":0},"end":{"line":3,"column":32}},"3":{"start":{"line":5,"column":0},"end":{"line":5,"column":9}},"4":{"start":{"line":7,"column":12},"end":{"line":7,"column":21}},"5":{"start":{"line":8,"column":0},"end":{"line":8,"column":24}},"6":{"start":{"line":9,"column":0},"end":{"line":9,"column":20}},"7":{"start":{"line":11,"column":0},"end":{"line":17,"column":null}},"8":{"start":{"line":12,"column":2},"end":{"line":16,"column":null}},"9":{"start":{"line":19,"column":13},"end":{"line":19,"column":37}},"10":{"start":{"line":21,"column":0},"end":{"line":25,"column":1}},"11":{"start":{"line":22,"column":2},"end":{"line":24,"column":5}},"12":{"start":{"line":23,"column":4},"end":{"line":23,"column":48}},"13":{"start":{"line":27,"column":0},"end":{"line":27,"column":19}}},"fnMap":{"0":{"name":"(anonymous_1)","decl":{"start":{"line":11,"column":8},"end":{"line":11,"column":9}},"loc":{"start":{"line":11,"column":74},"end":{"line":17,"column":1}}},"1":{"name":"(anonymous_2)","decl":{"start":{"line":22,"column":19},"end":{"line":22,"column":22}},"loc":{"start":{"line":22,"column":24},"end":{"line":24,"column":3}}}},"branchMap":{"0":{"loc":{"start":{"line":19,"column":13},"end":{"line":19,"column":37}},"type":"binary-expr","locations":[{"start":{"line":19,"column":13},"end":{"line":19,"column":29}},{"start":{"line":19,"column":33},"end":{"line":19,"column":37}}]},"1":{"loc":{"start":{"line":21,"column":0},"end":{"line":25,"column":1}},"type":"if","locations":[{"start":{"line":21,"column":0},"end":{"line":25,"column":1}}]}},"s":{"0":1,"1":1,"2":1,"3":1,"4":1,"5":1,"6":1,"7":1,"8":1,"9":1,"10":1,"11":0,"12":0,"13":1},"f":{"0":1,"1":0},"b":{"0":[1,0],"1":[0]}}
,"/Users/gabrielumbelino/git/fiap/fiap-pos-tech-challenge-payment/src/controllers/payment.controller.ts": {"path":"/Users/gabrielumbelino/git/fiap/fiap-pos-tech-challenge-payment/src/controllers/payment.controller.ts","statementMap":{"0":{"start":{"line":4,"column":0},"end":{"line":4,"column":7}},"1":{"start":{"line":14,"column":0},"end":{"line":14,"column":7}},"2":{"start":{"line":34,"column":0},"end":{"line":34,"column":7}},"3":{"start":{"line":2,"column":0},"end":{"line":2,"column":54}},"4":{"start":{"line":5,"column":2},"end":{"line":11,"column":3}},"5":{"start":{"line":6,"column":17},"end":{"line":6,"column":61}},"6":{"start":{"line":8,"column":4},"end":{"line":8,"column":31}},"7":{"start":{"line":10,"column":4},"end":{"line":10,"column":16}},"8":{"start":{"line":15,"column":2},"end":{"line":31,"column":3}},"9":{"start":{"line":16,"column":19},"end":{"line":16,"column":29}},"10":{"start":{"line":17,"column":17},"end":{"line":17,"column":65}},"11":{"start":{"line":19,"column":4},"end":{"line":19,"column":19}},"12":{"start":{"line":21,"column":26},"end":{"line":21,"column":49}},"13":{"start":{"line":23,"column":4},"end":{"line":28,"column":5}},"14":{"start":{"line":24,"column":6},"end":{"line":27,"column":9}},"15":{"start":{"line":30,"column":4},"end":{"line":30,"column":16}},"16":{"start":{"line":35,"column":2},"end":{"line":42,"column":3}},"17":{"start":{"line":36,"column":24},"end":{"line":36,"column":34}},"18":{"start":{"line":37,"column":17},"end":{"line":37,"column":57}},"19":{"start":{"line":39,"column":4},"end":{"line":39,"column":19}},"20":{"start":{"line":41,"column":4},"end":{"line":41,"column":16}}},"fnMap":{"0":{"name":"createPayment","decl":{"start":{"line":4,"column":22},"end":{"line":4,"column":35}},"loc":{"start":{"line":4,"column":83},"end":{"line":12,"column":1}}},"1":{"name":"updatePayment","decl":{"start":{"line":14,"column":22},"end":{"line":14,"column":35}},"loc":{"start":{"line":14,"column":83},"end":{"line":32,"column":1}}},"2":{"name":"getPayment","decl":{"start":{"line":34,"column":22},"end":{"line":34,"column":32}},"loc":{"start":{"line":34,"column":80},"end":{"line":43,"column":1}}}},"branchMap":{"0":{"loc":{"start":{"line":23,"column":4},"end":{"line":28,"column":5}},"type":"if","locations":[{"start":{"line":23,"column":4},"end":{"line":28,"column":5}}]}},"s":{"0":1,"1":1,"2":1,"3":1,"4":2,"5":2,"6":1,"7":1,"8":2,"9":2,"10":2,"11":1,"12":1,"13":1,"14":1,"15":0,"16":2,"17":2,"18":2,"19":2,"20":0},"f":{"0":2,"1":2,"2":2},"b":{"0":[1]}}
,"/Users/gabrielumbelino/git/fiap/fiap-pos-tech-challenge-payment/src/middlewares/validation.middleware.ts": {"path":"/Users/gabrielumbelino/git/fiap/fiap-pos-tech-challenge-payment/src/middlewares/validation.middleware.ts","statementMap":{"0":{"start":{"line":5,"column":30},"end":{"line":16,"column":1}},"1":{"start":{"line":5,"column":53},"end":{"line":16,"column":1}},"2":{"start":{"line":6,"column":28},"end":{"line":6,"column":54}},"3":{"start":{"line":8,"column":1},"end":{"line":13,"column":2}},"4":{"start":{"line":9,"column":2},"end":{"line":12,"column":null}},"5":{"start":{"line":11,"column":34},"end":{"line":11,"column":69}},"6":{"start":{"line":15,"column":1},"end":{"line":15,"column":8}},"7":{"start":{"line":5,"column":13},"end":{"line":5,"column":30}}},"fnMap":{"0":{"name":"(anonymous_0)","decl":{"start":{"line":5,"column":30},"end":{"line":5,"column":31}},"loc":{"start":{"line":5,"column":53},"end":{"line":16,"column":1}}},"1":{"name":"(anonymous_1)","decl":{"start":{"line":5,"column":53},"end":{"line":5,"column":54}},"loc":{"start":{"line":5,"column":105},"end":{"line":16,"column":1}}},"2":{"name":"(anonymous_2)","decl":{"start":{"line":11,"column":29},"end":{"line":11,"column":30}},"loc":{"start":{"line":11,"column":33},"end":{"line":11,"column":69}}}},"branchMap":{"0":{"loc":{"start":{"line":8,"column":1},"end":{"line":13,"column":2}},"type":"if","locations":[{"start":{"line":8,"column":1},"end":{"line":13,"column":2}}]},"1":{"loc":{"start":{"line":11,"column":37},"end":{"line":11,"column":52}},"type":"cond-expr","locations":[{"start":{"line":11,"column":46},"end":{"line":11,"column":50}},{"start":{"line":11,"column":50},"end":{"line":11,"column":52}}]},"2":{"loc":{"start":{"line":11,"column":37},"end":{"line":11,"column":50}},"type":"binary-expr","locations":[{"start":{"line":11,"column":37},"end":{"line":11,"column":50}},{"start":{"line":11,"column":46},"end":{"line":11,"column":50}}]}},"s":{"0":1,"1":2,"2":4,"3":4,"4":0,"5":0,"6":4,"7":1},"f":{"0":2,"1":4,"2":0},"b":{"0":[0],"1":[0,0],"2":[0,0]}}
,"/Users/gabrielumbelino/git/fiap/fiap-pos-tech-challenge-payment/src/routes/index.ts": {"path":"/Users/gabrielumbelino/git/fiap/fiap-pos-tech-challenge-payment/src/routes/index.ts","statementMap":{"0":{"start":{"line":1,"column":0},"end":{"line":1,"column":33}},"1":{"start":{"line":2,"column":0},"end":{"line":2,"column":43}},"2":{"start":{"line":4,"column":19},"end":{"line":4,"column":27}},"3":{"start":{"line":6,"column":0},"end":{"line":8,"column":3}},"4":{"start":{"line":7,"column":2},"end":{"line":7,"column":69}},"5":{"start":{"line":10,"column":0},"end":{"line":10,"column":42}},"6":{"start":{"line":12,"column":0},"end":{"line":12,"column":26}}},"fnMap":{"0":{"name":"(anonymous_1)","decl":{"start":{"line":6,"column":19},"end":{"line":6,"column":24}},"loc":{"start":{"line":6,"column":38},"end":{"line":8,"column":1}}}},"branchMap":{},"s":{"0":1,"1":1,"2":1,"3":1,"4":0,"5":1,"6":1},"f":{"0":0},"b":{}}
,"/Users/gabrielumbelino/git/fiap/fiap-pos-tech-challenge-payment/src/routes/payment.route.ts": {"path":"/Users/gabrielumbelino/git/fiap/fiap-pos-tech-challenge-payment/src/routes/payment.route.ts","statementMap":{"0":{"start":{"line":1,"column":0},"end":{"line":1,"column":33}},"1":{"start":{"line":2,"column":0},"end":{"line":2,"column":67}},"2":{"start":{"line":3,"column":0},"end":{"line":3,"column":70}},"3":{"start":{"line":4,"column":0},"end":{"line":4,"column":85}},"4":{"start":{"line":6,"column":21},"end":{"line":6,"column":29}},"5":{"start":{"line":8,"column":0},"end":{"line":8,"column":88}},"6":{"start":{"line":9,"column":0},"end":{"line":9,"column":91}},"7":{"start":{"line":10,"column":0},"end":{"line":10,"column":56}},"8":{"start":{"line":12,"column":0},"end":{"line":12,"column":28}}},"fnMap":{},"branchMap":{},"s":{"0":1,"1":1,"2":1,"3":1,"4":1,"5":1,"6":1,"7":1,"8":1},"f":{},"b":{}}
,"/Users/gabrielumbelino/git/fiap/fiap-pos-tech-challenge-payment/src/schemas/payment.schema.ts": {"path":"/Users/gabrielumbelino/git/fiap/fiap-pos-tech-challenge-payment/src/schemas/payment.schema.ts","statementMap":{"0":{"start":{"line":1,"column":0},"end":{"line":1,"column":24}},"1":{"start":{"line":3,"column":13},"end":{"line":7,"column":12}},"2":{"start":{"line":9,"column":13},"end":{"line":15,"column":12}}},"fnMap":{},"branchMap":{},"s":{"0":1,"1":1,"2":1},"f":{},"b":{}}
,"/Users/gabrielumbelino/git/fiap/fiap-pos-tech-challenge-payment/src/services/index.ts": {"path":"/Users/gabrielumbelino/git/fiap/fiap-pos-tech-challenge-payment/src/services/index.ts","statementMap":{"0":{"start":{"line":1,"column":0},"end":{"line":1,"column":26}},"1":{"start":{"line":2,"column":0},"end":{"line":2,"column":29}}},"fnMap":{},"branchMap":{},"s":{"0":0,"1":0},"f":{},"b":{}}
,"/Users/gabrielumbelino/git/fiap/fiap-pos-tech-challenge-payment/src/services/mercadoPago/index.ts": {"path":"/Users/gabrielumbelino/git/fiap/fiap-pos-tech-challenge-payment/src/services/mercadoPago/index.ts","statementMap":{"0":{"start":{"line":1,"column":0},"end":{"line":1,"column":37}}},"fnMap":{},"branchMap":{},"s":{"0":0},"f":{},"b":{}}
,"/Users/gabrielumbelino/git/fiap/fiap-pos-tech-challenge-payment/src/services/mercadoPago/mercadoPago.service.ts": {"path":"/Users/gabrielumbelino/git/fiap/fiap-pos-tech-challenge-payment/src/services/mercadoPago/mercadoPago.service.ts","statementMap":{"0":{"start":{"line":3,"column":40},"end":{"line":6,"column":1}},"1":{"start":{"line":4,"column":20},"end":{"line":4,"column":66}},"2":{"start":{"line":5,"column":2},"end":{"line":5,"column":19}},"3":{"start":{"line":3,"column":13},"end":{"line":3,"column":40}}},"fnMap":{"0":{"name":"(anonymous_0)","decl":{"start":{"line":3,"column":40},"end":{"line":3,"column":41}},"loc":{"start":{"line":3,"column":67},"end":{"line":6,"column":1}}}},"branchMap":{},"s":{"0":2,"1":1,"2":1,"3":2},"f":{"0":1},"b":{}}
,"/Users/gabrielumbelino/git/fiap/fiap-pos-tech-challenge-payment/src/services/payment/createPayment.service.ts": {"path":"/Users/gabrielumbelino/git/fiap/fiap-pos-tech-challenge-payment/src/services/payment/createPayment.service.ts","statementMap":{"0":{"start":{"line":1,"column":0},"end":{"line":1,"column":34}},"1":{"start":{"line":2,"column":0},"end":{"line":2,"column":55}},"2":{"start":{"line":3,"column":0},"end":{"line":3,"column":72}},"3":{"start":{"line":4,"column":0},"end":{"line":4,"column":73}},"4":{"start":{"line":6,"column":29},"end":{"line":31,"column":1}},"5":{"start":{"line":7,"column":2},"end":{"line":9,"column":3}},"6":{"start":{"line":8,"column":4},"end":{"line":8,"column":46}},"7":{"start":{"line":11,"column":2},"end":{"line":13,"column":3}},"8":{"start":{"line":12,"column":4},"end":{"line":12,"column":46}},"9":{"start":{"line":15,"column":2},"end":{"line":30,"column":3}},"10":{"start":{"line":16,"column":4},"end":{"line":29,"column":5}},"11":{"start":{"line":17,"column":25},"end":{"line":17,"column":80}},"12":{"start":{"line":18,"column":33},"end":{"line":18,"column":68}},"13":{"start":{"line":18,"column":16},"end":{"line":18,"column":21}},"14":{"start":{"line":18,"column":28},"end":{"line":18,"column":33}},"15":{"start":{"line":20,"column":6},"end":{"line":22,"column":9}},"16":{"start":{"line":24,"column":28},"end":{"line":24,"column":51}},"17":{"start":{"line":26,"column":6},"end":{"line":28,"column":8}},"18":{"start":{"line":6,"column":13},"end":{"line":6,"column":29}}},"fnMap":{"0":{"name":"(anonymous_11)","decl":{"start":{"line":6,"column":29},"end":{"line":6,"column":30}},"loc":{"start":{"line":6,"column":56},"end":{"line":31,"column":1}}}},"branchMap":{"0":{"loc":{"start":{"line":7,"column":2},"end":{"line":9,"column":3}},"type":"if","locations":[{"start":{"line":7,"column":2},"end":{"line":9,"column":3}}]},"1":{"loc":{"start":{"line":11,"column":2},"end":{"line":13,"column":3}},"type":"if","locations":[{"start":{"line":11,"column":2},"end":{"line":13,"column":3}}]},"2":{"loc":{"start":{"line":15,"column":2},"end":{"line":30,"column":3}},"type":"if","locations":[{"start":{"line":15,"column":2},"end":{"line":30,"column":3}}]}},"s":{"0":2,"1":2,"2":2,"3":2,"4":2,"5":1,"6":0,"7":1,"8":0,"9":1,"10":1,"11":1,"12":1,"13":1,"14":1,"15":1,"16":0,"17":0,"18":2},"f":{"0":1},"b":{"0":[0],"1":[0],"2":[1]}}
,"/Users/gabrielumbelino/git/fiap/fiap-pos-tech-challenge-payment/src/services/payment/getPayment.service.ts": {"path":"/Users/gabrielumbelino/git/fiap/fiap-pos-tech-challenge-payment/src/services/payment/getPayment.service.ts","statementMap":{"0":{"start":{"line":1,"column":0},"end":{"line":1,"column":34}},"1":{"start":{"line":3,"column":26},"end":{"line":9,"column":1}},"2":{"start":{"line":4,"column":2},"end":{"line":8,"column":5}},"3":{"start":{"line":3,"column":13},"end":{"line":3,"column":26}},"4":{"start":{"line":11,"column":35},"end":{"line":17,"column":1}},"5":{"start":{"line":12,"column":2},"end":{"line":16,"column":5}},"6":{"start":{"line":11,"column":13},"end":{"line":11,"column":35}}},"fnMap":{"0":{"name":"(anonymous_1)","decl":{"start":{"line":3,"column":26},"end":{"line":3,"column":31}},"loc":{"start":{"line":3,"column":47},"end":{"line":9,"column":1}}},"1":{"name":"(anonymous_2)","decl":{"start":{"line":11,"column":35},"end":{"line":11,"column":40}},"loc":{"start":{"line":11,"column":61},"end":{"line":17,"column":1}}}},"branchMap":{},"s":{"0":2,"1":2,"2":1,"3":2,"4":2,"5":0,"6":2},"f":{"0":1,"1":0},"b":{}}
,"/Users/gabrielumbelino/git/fiap/fiap-pos-tech-challenge-payment/src/services/payment/index.ts": {"path":"/Users/gabrielumbelino/git/fiap/fiap-pos-tech-challenge-payment/src/services/payment/index.ts","statementMap":{"0":{"start":{"line":1,"column":0},"end":{"line":1,"column":40}},"1":{"start":{"line":2,"column":0},"end":{"line":2,"column":40}},"2":{"start":{"line":3,"column":0},"end":{"line":3,"column":37}}},"fnMap":{},"branchMap":{},"s":{"0":2,"1":2,"2":2},"f":{},"b":{}}
,"/Users/gabrielumbelino/git/fiap/fiap-pos-tech-challenge-payment/src/services/payment/updatePayment.service.ts": {"path":"/Users/gabrielumbelino/git/fiap/fiap-pos-tech-challenge-payment/src/services/payment/updatePayment.service.ts","statementMap":{"0":{"start":{"line":1,"column":0},"end":{"line":1,"column":34}},"1":{"start":{"line":2,"column":0},"end":{"line":2,"column":72}},"2":{"start":{"line":4,"column":29},"end":{"line":25,"column":1}},"3":{"start":{"line":5,"column":23},"end":{"line":9,"column":4}},"4":{"start":{"line":11,"column":2},"end":{"line":13,"column":3}},"5":{"start":{"line":12,"column":4},"end":{"line":12,"column":33}},"6":{"start":{"line":15,"column":54},"end":{"line":15,"column":66}},"7":{"start":{"line":15,"column":49},"end":{"line":15,"column":54}},"8":{"start":{"line":16,"column":40},"end":{"line":16,"column":63}},"9":{"start":{"line":16,"column":23},"end":{"line":16,"column":28}},"10":{"start":{"line":16,"column":35},"end":{"line":16,"column":40}},"11":{"start":{"line":17,"column":12},"end":{"line":17,"column":50}},"12":{"start":{"line":19,"column":2},"end":{"line":24,"column":5}},"13":{"start":{"line":4,"column":13},"end":{"line":4,"column":29}}},"fnMap":{"0":{"name":"(anonymous_2)","decl":{"start":{"line":4,"column":29},"end":{"line":4,"column":34}},"loc":{"start":{"line":4,"column":74},"end":{"line":25,"column":1}}}},"branchMap":{"0":{"loc":{"start":{"line":11,"column":2},"end":{"line":13,"column":3}},"type":"if","locations":[{"start":{"line":11,"column":2},"end":{"line":13,"column":3}}]}},"s":{"0":2,"1":2,"2":2,"3":1,"4":1,"5":0,"6":1,"7":1,"8":1,"9":1,"10":1,"11":1,"12":1,"13":2},"f":{"0":1},"b":{"0":[0]}}
,"/Users/gabrielumbelino/git/fiap/fiap-pos-tech-challenge-payment/src/shared/enums/index.ts": {"path":"/Users/gabrielumbelino/git/fiap/fiap-pos-tech-challenge-payment/src/shared/enums/index.ts","statementMap":{"0":{"start":{"line":1,"column":0},"end":{"line":1,"column":36}},"1":{"start":{"line":2,"column":0},"end":{"line":2,"column":36}}},"fnMap":{},"branchMap":{},"s":{"0":3,"1":3},"f":{},"b":{}}
,"/Users/gabrielumbelino/git/fiap/fiap-pos-tech-challenge-payment/src/shared/enums/paymentMethod.enum.ts": {"path":"/Users/gabrielumbelino/git/fiap/fiap-pos-tech-challenge-payment/src/shared/enums/paymentMethod.enum.ts","statementMap":{"0":{"start":{"line":1,"column":0},"end":{"line":1,"column":null}},"1":{"start":{"line":2,"column":2},"end":{"line":2,"column":null}},"2":{"start":{"line":3,"column":2},"end":{"line":3,"column":null}},"3":{"start":{"line":4,"column":2},"end":{"line":4,"column":null}}},"fnMap":{"0":{"name":"(anonymous_0)","decl":{"start":{"line":1,"column":0},"end":{"line":1,"column":12}},"loc":{"start":{"line":1,"column":29},"end":{"line":5,"column":1}}}},"branchMap":{"0":{"loc":{"start":{"line":1,"column":12},"end":{"line":1,"column":null}},"type":"binary-expr","locations":[{"start":{"line":1,"column":12},"end":{"line":1,"column":29}},{"start":{"line":1,"column":29},"end":{"line":1,"column":null}}]}},"s":{"0":3,"1":3,"2":3,"3":3},"f":{"0":3},"b":{"0":[3,3]}}
,"/Users/gabrielumbelino/git/fiap/fiap-pos-tech-challenge-payment/src/shared/enums/paymentStatus.enum.ts": {"path":"/Users/gabrielumbelino/git/fiap/fiap-pos-tech-challenge-payment/src/shared/enums/paymentStatus.enum.ts","statementMap":{"0":{"start":{"line":1,"column":0},"end":{"line":1,"column":null}},"1":{"start":{"line":2,"column":2},"end":{"line":2,"column":null}},"2":{"start":{"line":3,"column":2},"end":{"line":3,"column":null}},"3":{"start":{"line":4,"column":2},"end":{"line":4,"column":null}}},"fnMap":{"0":{"name":"(anonymous_0)","decl":{"start":{"line":1,"column":0},"end":{"line":1,"column":12}},"loc":{"start":{"line":1,"column":29},"end":{"line":5,"column":1}}}},"branchMap":{"0":{"loc":{"start":{"line":1,"column":12},"end":{"line":1,"column":null}},"type":"binary-expr","locations":[{"start":{"line":1,"column":12},"end":{"line":1,"column":29}},{"start":{"line":1,"column":29},"end":{"line":1,"column":null}}]}},"s":{"0":3,"1":3,"2":3,"3":3},"f":{"0":3},"b":{"0":[3,3]}}
,"/Users/gabrielumbelino/git/fiap/fiap-pos-tech-challenge-payment/src/shared/models/payment.model.ts": {"path":"/Users/gabrielumbelino/git/fiap/fiap-pos-tech-challenge-payment/src/shared/models/payment.model.ts","statementMap":{"0":{"start":{"line":29,"column":8},"end":{"line":29,"column":33}},"1":{"start":{"line":30,"column":8},"end":{"line":30,"column":42}},"2":{"start":{"line":31,"column":8},"end":{"line":31,"column":54}},"3":{"start":{"line":32,"column":8},"end":{"line":32,"column":40}},"4":{"start":{"line":33,"column":8},"end":{"line":33,"column":43}},"5":{"start":{"line":34,"column":8},"end":{"line":34,"column":48}},"6":{"start":{"line":20,"column":0},"end":{"line":20,"column":13}}},"fnMap":{"0":{"name":"(anonymous_0)","decl":{"start":{"line":28,"column":4},"end":{"line":28,"column":16}},"loc":{"start":{"line":28,"column":59},"end":{"line":35,"column":5}}}},"branchMap":{"0":{"loc":{"start":{"line":29,"column":18},"end":{"line":29,"column":32}},"type":"cond-expr","locations":[{"start":{"line":29,"column":28},"end":{"line":29,"column":30}},{"start":{"line":29,"column":18},"end":{"line":29,"column":32}}]},"1":{"loc":{"start":{"line":29,"column":18},"end":{"line":29,"column":30}},"type":"binary-expr","locations":[{"start":{"line":29,"column":18},"end":{"line":29,"column":30}},{"start":{"line":29,"column":18},"end":{"line":29,"column":30}}]},"2":{"loc":{"start":{"line":33,"column":26},"end":{"line":33,"column":42}},"type":"binary-expr","locations":[{"start":{"line":33,"column":26},"end":{"line":33,"column":36}},{"start":{"line":33,"column":40},"end":{"line":33,"column":42}}]},"3":{"loc":{"start":{"line":34,"column":23},"end":{"line":34,"column":47}},"type":"binary-expr","locations":[{"start":{"line":34,"column":23},"end":{"line":34,"column":41}},{"start":{"line":34,"column":45},"end":{"line":34,"column":47}}]}},"s":{"0":2,"1":2,"2":2,"3":2,"4":2,"5":2,"6":2},"f":{"0":2},"b":{"0":[0,2],"1":[2,2],"2":[2,1],"3":[2,2]}}
}
